# /home/yihan/monitor/analysis 25246 -u20 -U150 -p8 -y85 -Y93 -GP -d 3.9 -q 0.864576 
# Crop window: [0, 511; 85, 93] Normalization: 0.901943		a * exp (-((x - x0)/b)^2) + c	PPCI
#filename              param    radius     sigma   contast         N    Ttherm         a         x0          b          c     radial      scatt       CoM     Width    Median  MedWidth
# 25246          8.645760e-01 4.000e+01 1.933e+03 2.141e+01 -8.008e+05 2.897e-10 1.718e+02  4.320e+02  5.000e+00  0.000e+00  9.121e+00  3.698e-02 2.511e+02 1.573e+02 5.000e-01 0.000e+00
# error                     0 3.456e+02         0         0 1.781e+04 1.000e-03  1.718e+01  4.320e+01  1.000e-03          0         0 2.358e+01
# 
# z    intNum       Fit     Error       Res
0.000e+00 -1.935e+02  0.000e+00  5.039e+02 -1.935e+02
1.000e+00 -2.728e+03  0.000e+00  5.755e+02 -2.728e+03
2.000e+00 -2.212e+03  0.000e+00  6.124e+02 -2.212e+03
3.000e+00 -1.977e+03  0.000e+00  6.274e+02 -1.977e+03
4.000e+00 -3.422e+03  0.000e+00  6.381e+02 -3.422e+03
5.000e+00 -1.620e+03  0.000e+00  6.195e+02 -1.620e+03
6.000e+00 -2.093e+03  0.000e+00  5.800e+02 -2.093e+03
7.000e+00 -1.546e+03  0.000e+00  5.539e+02 -1.546e+03
8.000e+00 -2.693e+03  0.000e+00  5.683e+02 -2.693e+03
9.000e+00 -2.965e+03  0.000e+00  5.846e+02 -2.965e+03
1.000e+01 -2.562e+03  0.000e+00  5.732e+02 -2.562e+03
1.100e+01 -2.313e+03  0.000e+00  5.669e+02 -2.313e+03
1.200e+01 -1.889e+03  0.000e+00  5.508e+02 -1.889e+03
1.300e+01 -3.826e+03  0.000e+00  5.761e+02 -3.826e+03
1.400e+01 -2.438e+03  0.000e+00  5.567e+02 -2.438e+03
1.500e+01 -2.008e+03  0.000e+00  5.496e+02 -2.008e+03
1.600e+01 -3.502e+03  0.000e+00  5.905e+02 -3.502e+03
1.700e+01 -1.092e+03  0.000e+00  5.560e+02 -1.092e+03
1.800e+01 -2.251e+03  0.000e+00  5.650e+02 -2.251e+03
1.900e+01 -8.895e+02  0.000e+00  5.392e+02 -8.895e+02
2.000e+01 -2.867e+02  0.000e+00  5.183e+02 -2.867e+02
2.100e+01 -1.790e+03  0.000e+00  4.952e+02 -1.790e+03
2.200e+01  4.682e+02  0.000e+00  4.826e+02  4.682e+02
2.300e+01 -2.193e+03  0.000e+00  4.570e+02 -2.193e+03
2.400e+01 -2.766e+03  0.000e+00  4.494e+02 -2.766e+03
2.500e+01 -3.653e+03  0.000e+00  4.572e+02 -3.653e+03
2.600e+01 -3.758e+03  0.000e+00  4.683e+02 -3.758e+03
2.700e+01 -3.095e+03  0.000e+00  4.590e+02 -3.095e+03
2.800e+01 -5.048e+02  0.000e+00  4.282e+02 -5.048e+02
2.900e+01 -1.703e+03  0.000e+00  4.101e+02 -1.703e+03
3.000e+01 -1.091e+03  0.000e+00  4.075e+02 -1.091e+03
3.100e+01 -1.180e+03  0.000e+00  4.161e+02 -1.180e+03
3.200e+01 -1.564e+03  0.000e+00  4.026e+02 -1.564e+03
3.300e+01 -2.480e+03  0.000e+00  4.246e+02 -2.480e+03
3.400e+01 -1.089e+03  0.000e+00  4.179e+02 -1.089e+03
3.500e+01 -3.198e+03  0.000e+00  4.466e+02 -3.198e+03
3.600e+01 -3.556e+03  0.000e+00  4.958e+02 -3.556e+03
3.700e+01 -2.776e+03  0.000e+00  5.227e+02 -2.776e+03
3.800e+01 -2.027e+03  0.000e+00  5.494e+02 -2.027e+03
3.900e+01 -1.233e+03  0.000e+00  5.622e+02 -1.233e+03
4.000e+01 -1.698e+03  0.000e+00  5.543e+02 -1.698e+03
4.100e+01 -2.542e+03  0.000e+00  5.562e+02 -2.542e+03
4.200e+01 -2.569e+03  0.000e+00  5.496e+02 -2.569e+03
4.300e+01 -4.410e+03  0.000e+00  5.447e+02 -4.410e+03
4.400e+01 -4.124e+03  0.000e+00  5.522e+02 -4.124e+03
4.500e+01 -3.443e+03  0.000e+00  5.511e+02 -3.443e+03
4.600e+01 -1.694e+03  0.000e+00  5.141e+02 -1.694e+03
4.700e+01 -2.160e+03  0.000e+00  5.190e+02 -2.160e+03
4.800e+01 -4.296e+02  0.000e+00  5.131e+02 -4.296e+02
4.900e+01 -3.234e+03  0.000e+00  5.153e+02 -3.234e+03
5.000e+01 -1.943e+03  0.000e+00  4.929e+02 -1.943e+03
5.100e+01 -2.956e+03  0.000e+00  5.142e+02 -2.956e+03
5.200e+01 -2.317e+03  0.000e+00  5.186e+02 -2.317e+03
5.300e+01 -1.847e+03  0.000e+00  5.051e+02 -1.847e+03
5.400e+01 -3.084e+03  0.000e+00  5.307e+02 -3.084e+03
5.500e+01 -2.251e+03  0.000e+00  5.129e+02 -2.251e+03
5.600e+01 -1.458e+03  0.000e+00  5.492e+02 -1.458e+03
5.700e+01 -2.250e+02  0.000e+00  5.861e+02 -2.250e+02
5.800e+01 -2.836e+03  0.000e+00  5.979e+02 -2.836e+03
5.900e+01 -3.111e+03  0.000e+00  5.802e+02 -3.111e+03
6.000e+01 -1.293e+03  0.000e+00  5.634e+02 -1.293e+03
6.100e+01 -1.919e+03  0.000e+00  5.550e+02 -1.919e+03
6.200e+01 -1.360e+03  0.000e+00  5.528e+02 -1.360e+03
6.300e+01 -1.501e+02  0.000e+00  5.559e+02 -1.501e+02
6.400e+01 -7.776e+02  0.000e+00  5.300e+02 -7.776e+02
6.500e+01 -8.149e+02  0.000e+00  4.863e+02 -8.149e+02
6.600e+01 -1.754e+03  0.000e+00  4.600e+02 -1.754e+03
6.700e+01 -8.491e+02  0.000e+00  4.763e+02 -8.491e+02
6.800e+01 -8.138e+02  0.000e+00  5.219e+02 -8.138e+02
6.900e+01 -8.041e+02  0.000e+00  5.073e+02 -8.041e+02
7.000e+01  6.380e+02  0.000e+00  4.830e+02  6.380e+02
7.100e+01  1.432e+03  0.000e+00  4.204e+02  1.432e+03
7.200e+01  3.923e+01  0.000e+00  3.972e+02  3.923e+01
7.300e+01  6.384e+02  0.000e+00  3.924e+02  6.384e+02
7.400e+01 -6.831e+02  0.000e+00  3.959e+02 -6.831e+02
7.500e+01 -5.014e+02  0.000e+00  3.956e+02 -5.014e+02
7.600e+01 -1.019e+03  0.000e+00  4.098e+02 -1.019e+03
7.700e+01 -1.973e+03  0.000e+00  4.100e+02 -1.973e+03
7.800e+01 -3.863e+03  0.000e+00  4.164e+02 -3.863e+03
7.900e+01 -3.072e+03  0.000e+00  3.924e+02 -3.072e+03
8.000e+01 -3.468e+03  0.000e+00  3.974e+02 -3.468e+03
8.100e+01 -3.290e+03  0.000e+00  3.992e+02 -3.290e+03
8.200e+01 -2.499e+03  0.000e+00  3.984e+02 -2.499e+03
8.300e+01 -2.998e+03  0.000e+00  3.995e+02 -2.998e+03
8.400e+01 -3.976e+03  0.000e+00  4.030e+02 -3.976e+03
8.500e+01 -3.416e+03  0.000e+00  4.040e+02 -3.416e+03
8.600e+01 -3.057e+03  0.000e+00  4.002e+02 -3.057e+03
8.700e+01 -3.047e+03  0.000e+00  3.931e+02 -3.047e+03
8.800e+01 -5.409e+02  0.000e+00  3.863e+02 -5.409e+02
8.900e+01 -1.306e+03  0.000e+00  3.796e+02 -1.306e+03
9.000e+01 -8.376e+02  0.000e+00  3.734e+02 -8.376e+02
9.100e+01 -4.369e+02  0.000e+00  3.461e+02 -4.369e+02
9.200e+01 -6.672e+02  0.000e+00  3.366e+02 -6.672e+02
9.300e+01 -1.802e+03  0.000e+00  3.309e+02 -1.802e+03
9.400e+01 -1.398e+03  0.000e+00  3.238e+02 -1.398e+03
9.500e+01 -8.690e+02  0.000e+00  3.203e+02 -8.690e+02
9.600e+01 -1.185e+03  0.000e+00  3.353e+02 -1.185e+03
9.700e+01 -2.287e+03  0.000e+00  3.407e+02 -2.287e+03
9.800e+01 -2.016e+03  0.000e+00  3.377e+02 -2.016e+03
9.900e+01 -2.313e+03  0.000e+00  3.542e+02 -2.313e+03
1.000e+02 -2.308e+03  0.000e+00  3.802e+02 -2.308e+03
1.010e+02 -1.298e+03  0.000e+00  3.776e+02 -1.298e+03
1.020e+02 -7.225e+02  0.000e+00  3.809e+02 -7.225e+02
1.030e+02 -1.030e+03  0.000e+00  3.955e+02 -1.030e+03
1.040e+02  1.431e+02  0.000e+00  3.938e+02  1.431e+02
1.050e+02 -5.903e+02  0.000e+00  4.124e+02 -5.903e+02
1.060e+02 -6.715e+01  0.000e+00  3.690e+02 -6.715e+01
1.070e+02 -1.914e+03  0.000e+00  3.526e+02 -1.914e+03
1.080e+02  6.100e+02  0.000e+00  3.319e+02  6.100e+02
1.090e+02 -3.984e+02  0.000e+00  3.248e+02 -3.984e+02
1.100e+02 -2.658e+03  0.000e+00  3.361e+02 -2.658e+03
1.110e+02 -3.066e+03  0.000e+00  3.380e+02 -3.066e+03
1.120e+02 -2.955e+03  0.000e+00  3.300e+02 -2.955e+03
1.130e+02 -3.347e+03  0.000e+00  3.421e+02 -3.347e+03
1.140e+02 -2.018e+03  0.000e+00  3.304e+02 -2.018e+03
1.150e+02 -1.862e+03  0.000e+00  3.159e+02 -1.862e+03
1.160e+02 -2.362e+03  0.000e+00  3.238e+02 -2.362e+03
1.170e+02 -1.386e+03  0.000e+00  3.186e+02 -1.386e+03
1.180e+02 -1.091e+03  0.000e+00  3.186e+02 -1.091e+03
1.190e+02 -1.961e+03  0.000e+00  3.170e+02 -1.961e+03
1.200e+02 -1.584e+03  0.000e+00  3.059e+02 -1.584e+03
1.210e+02 -2.649e+03  0.000e+00  3.088e+02 -2.649e+03
1.220e+02 -1.933e+03  0.000e+00  2.932e+02 -1.933e+03
1.230e+02 -1.763e+03  0.000e+00  2.866e+02 -1.763e+03
1.240e+02 -2.129e+03  0.000e+00  2.839e+02 -2.129e+03
1.250e+02 -3.193e+03  0.000e+00  2.984e+02 -3.193e+03
1.260e+02 -2.498e+03  0.000e+00  2.981e+02 -2.498e+03
1.270e+02 -2.640e+03  0.000e+00  3.096e+02 -2.640e+03
1.280e+02 -2.088e+03  0.000e+00  3.097e+02 -2.088e+03
1.290e+02 -2.520e+03  0.000e+00  3.174e+02 -2.520e+03
1.300e+02 -3.164e+03  0.000e+00  3.195e+02 -3.164e+03
1.310e+02 -4.183e+03  0.000e+00  3.301e+02 -4.183e+03
1.320e+02 -2.703e+03  0.000e+00  2.935e+02 -2.703e+03
1.330e+02 -2.533e+03  0.000e+00  2.852e+02 -2.533e+03
1.340e+02 -2.547e+03  0.000e+00  2.785e+02 -2.547e+03
1.350e+02 -1.975e+03  0.000e+00  2.796e+02 -1.975e+03
1.360e+02 -2.788e+02  0.000e+00  2.705e+02 -2.788e+02
1.370e+02 -1.262e+03  0.000e+00  2.734e+02 -1.262e+03
1.380e+02 -4.178e+02  0.000e+00  2.595e+02 -4.178e+02
1.390e+02 -5.646e+02  0.000e+00  2.542e+02 -5.646e+02
1.400e+02 -1.809e+03  0.000e+00  2.663e+02 -1.809e+03
1.410e+02 -1.786e+03  0.000e+00  2.780e+02 -1.786e+03
1.420e+02  8.991e+01  0.000e+00  2.697e+02  8.991e+01
1.430e+02 -1.422e+03  0.000e+00  2.778e+02 -1.422e+03
1.440e+02 -1.428e+03  0.000e+00  2.757e+02 -1.428e+03
1.450e+02 -9.273e+01  0.000e+00  2.705e+02 -9.273e+01
1.460e+02 -9.054e+02  0.000e+00  2.822e+02 -9.054e+02
1.470e+02 -9.143e+02  0.000e+00  2.807e+02 -9.143e+02
1.480e+02 -1.065e+03  0.000e+00  2.821e+02 -1.065e+03
1.490e+02 -1.083e+03  0.000e+00  2.882e+02 -1.083e+03
1.500e+02 -2.176e+03  0.000e+00  2.948e+02 -2.176e+03
1.510e+02 -2.709e+03  0.000e+00  3.021e+02 -2.709e+03
1.520e+02 -2.931e+03  0.000e+00  3.039e+02 -2.931e+03
1.530e+02 -2.406e+03  0.000e+00  3.001e+02 -2.406e+03
1.540e+02 -2.308e+03  0.000e+00  2.941e+02 -2.308e+03
1.550e+02 -2.110e+03  0.000e+00  2.926e+02 -2.110e+03
1.560e+02 -2.092e+03  0.000e+00  2.808e+02 -2.092e+03
1.570e+02 -7.180e+02  0.000e+00  2.737e+02 -7.180e+02
1.580e+02 -4.312e+02  0.000e+00  2.815e+02 -4.312e+02
1.590e+02 -1.983e+03  0.000e+00  2.938e+02 -1.983e+03
1.600e+02 -1.817e+03  0.000e+00  2.977e+02 -1.817e+03
1.610e+02 -7.292e+02  0.000e+00  2.868e+02 -7.292e+02
1.620e+02 -7.347e+02  0.000e+00  2.778e+02 -7.347e+02
1.630e+02 -1.003e+03  0.000e+00  2.718e+02 -1.003e+03
1.640e+02 -1.184e+03  0.000e+00  2.752e+02 -1.184e+03
1.650e+02 -1.029e+03  0.000e+00  2.936e+02 -1.029e+03
1.660e+02 -1.120e+03  0.000e+00  2.899e+02 -1.120e+03
1.670e+02 -2.542e+03  0.000e+00  2.964e+02 -2.542e+03
1.680e+02 -1.517e+03  0.000e+00  2.829e+02 -1.517e+03
1.690e+02 -1.855e+03  0.000e+00  2.797e+02 -1.855e+03
1.700e+02 -2.174e+03  0.000e+00  2.794e+02 -2.174e+03
1.710e+02 -1.183e+03  0.000e+00  2.667e+02 -1.183e+03
1.720e+02 -1.009e+03  0.000e+00  2.628e+02 -1.009e+03
1.730e+02 -6.087e+02  0.000e+00  2.635e+02 -6.087e+02
1.740e+02 -2.135e+02  0.000e+00  2.594e+02 -2.135e+02
1.750e+02 -6.694e+02  0.000e+00  2.645e+02 -6.694e+02
1.760e+02 -2.459e+02  0.000e+00  2.685e+02 -2.459e+02
1.770e+02 -9.468e+02  0.000e+00  2.658e+02 -9.468e+02
1.780e+02 -6.254e+02  0.000e+00  2.598e+02 -6.254e+02
1.790e+02 -1.092e+03  0.000e+00  2.571e+02 -1.092e+03
1.800e+02 -3.045e+02  0.000e+00  2.658e+02 -3.045e+02
1.810e+02 -7.667e+02  0.000e+00  2.572e+02 -7.667e+02
1.820e+02 -4.072e+02  0.000e+00  2.511e+02 -4.072e+02
1.830e+02 -3.060e+02  0.000e+00  2.476e+02 -3.060e+02
1.840e+02 -1.202e+03  0.000e+00  2.490e+02 -1.202e+03
1.850e+02 -1.101e+03  0.000e+00  2.414e+02 -1.101e+03
1.860e+02  5.792e+00  0.000e+00  2.329e+02  5.792e+00
1.870e+02  3.254e+02  0.000e+00  2.386e+02  3.254e+02
1.880e+02 -1.207e+02  0.000e+00  2.476e+02 -1.207e+02
1.890e+02 -5.056e+02  0.000e+00  2.450e+02 -5.056e+02
1.900e+02 -2.080e+02  0.000e+00  2.372e+02 -2.080e+02
1.910e+02 -7.638e+02  0.000e+00  2.389e+02 -7.638e+02
1.920e+02 -5.755e+02  0.000e+00  2.351e+02 -5.755e+02
1.930e+02 -9.720e+02  0.000e+00  2.356e+02 -9.720e+02
1.940e+02 -1.286e+03  0.000e+00  2.289e+02 -1.286e+03
1.950e+02 -1.981e+03  0.000e+00  2.378e+02 -1.981e+03
1.960e+02 -2.075e+03  0.000e+00  2.369e+02 -2.075e+03
1.970e+02 -1.232e+03  0.000e+00  2.302e+02 -1.232e+03
1.980e+02 -1.630e+03  0.000e+00  2.440e+02 -1.630e+03
1.990e+02 -2.028e+03  0.000e+00  2.384e+02 -2.028e+03
2.000e+02 -1.492e+03  0.000e+00  2.327e+02 -1.492e+03
2.010e+02 -1.402e+03  0.000e+00  2.274e+02 -1.402e+03
2.020e+02 -2.350e+03  0.000e+00  2.303e+02 -2.350e+03
2.030e+02 -1.774e+03  0.000e+00  2.204e+02 -1.774e+03
2.040e+02 -1.804e+03  0.000e+00  2.222e+02 -1.804e+03
2.050e+02 -1.458e+03  0.000e+00  2.296e+02 -1.458e+03
2.060e+02 -1.086e+03  0.000e+00  2.322e+02 -1.086e+03
2.070e+02 -1.611e+03  0.000e+00  2.431e+02 -1.611e+03
2.080e+02 -2.061e+02  0.000e+00  2.263e+02 -2.061e+02
2.090e+02 -4.972e+02  0.000e+00  2.230e+02 -4.972e+02
2.100e+02 -1.528e+03  0.000e+00  2.343e+02 -1.528e+03
2.110e+02 -9.985e+02  0.000e+00  2.250e+02 -9.985e+02
2.120e+02 -7.985e+02  0.000e+00  2.218e+02 -7.985e+02
2.130e+02 -6.015e+02  0.000e+00  2.222e+02 -6.015e+02
2.140e+02 -1.507e+03  0.000e+00  2.325e+02 -1.507e+03
2.150e+02 -1.256e+03  0.000e+00  2.344e+02 -1.256e+03
2.160e+02 -1.283e+03  0.000e+00  2.450e+02 -1.283e+03
2.170e+02 -6.269e+02  0.000e+00  2.366e+02 -6.269e+02
2.180e+02  4.603e+02  0.000e+00  2.230e+02  4.603e+02
2.190e+02  5.309e+02  0.000e+00  2.186e+02  5.309e+02
2.200e+02 -4.491e+02  0.000e+00  2.144e+02 -4.491e+02
2.210e+02 -1.244e+03  0.000e+00  2.131e+02 -1.244e+03
2.220e+02 -1.515e+03  0.000e+00  2.153e+02 -1.515e+03
2.230e+02 -6.767e+02  0.000e+00  2.129e+02 -6.767e+02
2.240e+02 -8.382e+02  0.000e+00  2.174e+02 -8.382e+02
2.250e+02 -1.269e+02  0.000e+00  2.115e+02 -1.269e+02
2.260e+02 -5.878e+01  0.000e+00  2.178e+02 -5.878e+01
2.270e+02 -9.556e+02  0.000e+00  2.193e+02 -9.556e+02
2.280e+02 -2.000e+02  0.000e+00  2.175e+02 -2.000e+02
2.290e+02 -1.509e+03  0.000e+00  2.306e+02 -1.509e+03
2.300e+02 -2.370e+03  0.000e+00  2.406e+02 -2.370e+03
2.310e+02 -2.304e+03  0.000e+00  2.484e+02 -2.304e+03
2.320e+02 -1.926e+03  0.000e+00  2.400e+02 -1.926e+03
2.330e+02 -1.220e+03  0.000e+00  2.222e+02 -1.220e+03
2.340e+02 -5.276e+02  0.000e+00  2.193e+02 -5.276e+02
2.350e+02 -1.075e+03  0.000e+00  2.246e+02 -1.075e+03
2.360e+02 -9.474e+02  0.000e+00  2.203e+02 -9.474e+02
2.370e+02 -8.058e+02  0.000e+00  2.230e+02 -8.058e+02
2.380e+02 -5.042e+02  0.000e+00  2.379e+02 -5.042e+02
2.390e+02 -8.882e+02  0.000e+00  2.407e+02 -8.882e+02
2.400e+02 -1.402e+03  0.000e+00  2.402e+02 -1.402e+03
2.410e+02 -4.587e+02  0.000e+00  2.310e+02 -4.587e+02
2.420e+02 -1.613e+02  0.000e+00  2.226e+02 -1.613e+02
2.430e+02  1.406e+02  0.000e+00  2.188e+02  1.406e+02
2.440e+02 -5.685e+02  0.000e+00  2.152e+02 -5.685e+02
2.450e+02 -1.885e+03  0.000e+00  2.315e+02 -1.885e+03
2.460e+02 -5.174e+02  0.000e+00  2.290e+02 -5.174e+02
2.470e+02 -5.229e+02  0.000e+00  2.299e+02 -5.229e+02
2.480e+02  1.019e+02  0.000e+00  2.120e+02  1.019e+02
2.490e+02 -1.441e+03  0.000e+00  2.224e+02 -1.441e+03
2.500e+02 -1.160e+03  0.000e+00  2.224e+02 -1.160e+03
2.510e+02 -1.420e+03  0.000e+00  2.257e+02 -1.420e+03
2.520e+02 -1.827e+03  0.000e+00  2.332e+02 -1.827e+03
2.530e+02 -2.052e+03  0.000e+00  2.330e+02 -2.052e+03
2.540e+02 -3.502e+03  0.000e+00  2.529e+02 -3.502e+03
2.550e+02 -2.016e+03  0.000e+00  2.323e+02 -2.016e+03
2.560e+02 -1.380e+03  0.000e+00  2.311e+02 -1.380e+03
2.570e+02 -1.221e+03  0.000e+00  2.224e+02 -1.221e+03
2.580e+02 -1.712e+03  0.000e+00  2.277e+02 -1.712e+03
2.590e+02 -7.306e+02  0.000e+00  2.188e+02 -7.306e+02
2.600e+02 -1.005e+03  0.000e+00  2.171e+02 -1.005e+03
2.610e+02 -1.367e+03  0.000e+00  2.220e+02 -1.367e+03
2.620e+02 -1.060e+03  0.000e+00  2.229e+02 -1.060e+03
2.630e+02 -4.367e+02  0.000e+00  2.150e+02 -4.367e+02
2.640e+02 -1.223e+03  0.000e+00  2.335e+02 -1.223e+03
2.650e+02 -8.613e+02  0.000e+00  2.211e+02 -8.613e+02
2.660e+02 -1.202e+03  0.000e+00  2.268e+02 -1.202e+03
2.670e+02 -1.911e+03  0.000e+00  2.324e+02 -1.911e+03
2.680e+02 -2.495e+03  0.000e+00  2.405e+02 -2.495e+03
2.690e+02 -2.059e+03  0.000e+00  2.302e+02 -2.059e+03
2.700e+02 -2.285e+03  0.000e+00  2.350e+02 -2.285e+03
2.710e+02 -1.887e+03  0.000e+00  2.328e+02 -1.887e+03
2.720e+02 -1.011e+03  0.000e+00  2.290e+02 -1.011e+03
2.730e+02 -1.423e+03  0.000e+00  2.406e+02 -1.423e+03
2.740e+02 -1.187e+03  0.000e+00  2.307e+02 -1.187e+03
2.750e+02 -1.229e+03  0.000e+00  2.243e+02 -1.229e+03
2.760e+02 -6.321e+02  0.000e+00  2.279e+02 -6.321e+02
2.770e+02 -2.706e+02  0.000e+00  2.089e+02 -2.706e+02
2.780e+02 -4.141e+02  0.000e+00  2.093e+02 -4.141e+02
2.790e+02 -1.188e+03  0.000e+00  2.119e+02 -1.188e+03
2.800e+02 -1.185e+03  0.000e+00  2.109e+02 -1.185e+03
2.810e+02 -1.386e+03  0.000e+00  2.164e+02 -1.386e+03
2.820e+02 -1.733e+03  0.000e+00  2.214e+02 -1.733e+03
2.830e+02 -4.869e+02  0.000e+00  2.091e+02 -4.869e+02
2.840e+02 -3.004e+01  0.000e+00  2.072e+02 -3.004e+01
2.850e+02 -9.906e+02  0.000e+00  2.124e+02 -9.906e+02
2.860e+02 -2.443e+02  0.000e+00  2.099e+02 -2.443e+02
2.870e+02 -1.441e+02  0.000e+00  2.206e+02 -1.441e+02
2.880e+02 -3.948e+02  0.000e+00  2.186e+02 -3.948e+02
2.890e+02 -2.252e+02  0.000e+00  2.192e+02 -2.252e+02
2.900e+02 -3.105e+02  0.000e+00  2.176e+02 -3.105e+02
2.910e+02 -2.315e+02  0.000e+00  2.245e+02 -2.315e+02
2.920e+02 -6.935e+02  0.000e+00  2.247e+02 -6.935e+02
2.930e+02 -1.097e+02  0.000e+00  2.246e+02 -1.097e+02
2.940e+02 -3.345e+02  0.000e+00  2.366e+02 -3.345e+02
2.950e+02 -6.801e+02  0.000e+00  2.389e+02 -6.801e+02
2.960e+02 -1.751e+03 5.262e-320  2.414e+02 -1.751e+03
2.970e+02 -5.832e+02 2.694e-315  2.359e+02 -5.832e+02
2.980e+02 -1.008e+03 1.273e-310  2.436e+02 -1.008e+03
2.990e+02 -2.346e+03 5.555e-306  2.633e+02 -2.346e+03
3.000e+02 -2.552e+03 2.237e-301  2.525e+02 -2.552e+03
3.010e+02 -2.772e+03 8.317e-297  2.506e+02 -2.772e+03
3.020e+02 -2.596e+03 2.854e-292  2.580e+02 -2.596e+03
3.030e+02 -1.810e+03 9.043e-288  2.480e+02 -1.810e+03
3.040e+02 -9.014e+02 2.645e-283  2.356e+02 -9.014e+02
3.050e+02 -1.760e+03 7.140e-279  2.370e+02 -1.760e+03
3.060e+02 -1.523e+03 1.779e-274  2.402e+02 -1.523e+03
3.070e+02 -2.818e+03 4.093e-270  2.442e+02 -2.818e+03
3.080e+02 -2.555e+03 8.693e-266  2.393e+02 -2.555e+03
3.090e+02 -2.384e+03 1.704e-261  2.347e+02 -2.384e+03
3.100e+02 -2.486e+03 3.084e-257  2.388e+02 -2.486e+03
3.110e+02 -2.876e+03 5.152e-253  2.443e+02 -2.876e+03
3.120e+02 -1.668e+03 7.945e-249  2.329e+02 -1.668e+03
3.130e+02 -1.282e+03 1.131e-244  2.338e+02 -1.282e+03
3.140e+02 -1.343e+03 1.486e-240  2.375e+02 -1.343e+03
3.150e+02 -1.037e+03 1.803e-236  2.330e+02 -1.037e+03
3.160e+02 -1.327e+03 2.019e-232  2.364e+02 -1.327e+03
3.170e+02 -1.736e+03 2.087e-228  2.328e+02 -1.736e+03
3.180e+02 -1.532e+03 1.991e-224  2.366e+02 -1.532e+03
3.190e+02 -1.103e+03 1.754e-220  2.228e+02 -1.103e+03
3.200e+02 -1.953e+03 1.426e-216  2.376e+02 -1.953e+03
3.210e+02 -2.750e+03 1.071e-212  2.429e+02 -2.750e+03
3.220e+02 -2.664e+03 7.418e-209  2.420e+02 -2.664e+03
3.230e+02 -2.061e+03 4.745e-205  2.356e+02 -2.061e+03
3.240e+02 -2.078e+03 2.801e-201  2.356e+02 -2.078e+03
3.250e+02 -2.026e+03 1.527e-197  2.466e+02 -2.026e+03
3.260e+02 -1.253e+03 7.683e-194  2.485e+02 -1.253e+03
3.270e+02 -5.580e+02 3.568e-190  2.415e+02 -5.580e+02
3.280e+02 -1.077e+03 1.530e-186  2.459e+02 -1.077e+03
3.290e+02 -6.925e+02 6.056e-183  2.283e+02 -6.925e+02
3.300e+02 -1.320e+03 2.213e-179  2.400e+02 -1.320e+03
3.310e+02 -1.534e+03 7.462e-176  2.376e+02 -1.534e+03
3.320e+02 -2.669e+03 2.323e-172  2.481e+02 -2.669e+03
3.330e+02 -1.961e+03 6.677e-169  2.452e+02 -1.961e+03
3.340e+02 -2.612e+03 1.772e-165  2.607e+02 -2.612e+03
3.350e+02 -2.253e+03 4.339e-162  2.555e+02 -2.253e+03
3.360e+02 -2.181e+03 9.809e-159  2.649e+02 -2.181e+03
3.370e+02 -1.229e+03 2.047e-155  2.595e+02 -1.229e+03
3.380e+02 -2.279e+03 3.944e-152  2.691e+02 -2.279e+03
3.390e+02 -6.677e+02 7.014e-149  2.538e+02 -6.677e+02
3.400e+02 -1.205e+03 1.151e-145  2.537e+02 -1.205e+03
3.410e+02 -1.433e+03 1.745e-142  2.545e+02 -1.433e+03
3.420e+02 -6.704e+02 2.441e-139  2.548e+02 -6.704e+02
3.430e+02 -1.042e+03 3.152e-136  2.510e+02 -1.042e+03
3.440e+02 -9.468e+02 3.758e-133  2.524e+02 -9.468e+02
3.450e+02 -1.528e+03 4.136e-130  2.541e+02 -1.528e+03
3.460e+02 -2.017e+03 4.201e-127  2.570e+02 -2.017e+03
3.470e+02 -2.496e+03 3.940e-124  2.598e+02 -2.496e+03
3.480e+02 -2.891e+03 3.410e-121  2.660e+02 -2.891e+03
3.490e+02 -2.411e+03 2.725e-118  2.580e+02 -2.411e+03
3.500e+02 -1.513e+03 2.010e-115  2.438e+02 -1.513e+03
3.510e+02 -9.814e+02 1.369e-112  2.357e+02 -9.814e+02
3.520e+02 -6.553e+02 8.604e-110  2.394e+02 -6.553e+02
3.530e+02 -1.285e+03 4.993e-107  2.490e+02 -1.285e+03
3.540e+02 -2.089e+03 2.674e-104  2.630e+02 -2.089e+03
3.550e+02 -1.972e+03 1.322e-101  2.586e+02 -1.972e+03
3.560e+02 -5.356e+02  6.036e-99  2.386e+02 -5.356e+02
3.570e+02 -9.721e+02  2.543e-96  2.450e+02 -9.721e+02
3.580e+02 -1.643e+03  9.893e-94  2.576e+02 -1.643e+03
3.590e+02 -2.793e+03  3.552e-91  2.640e+02 -2.793e+03
3.600e+02 -2.690e+03  1.177e-88  2.578e+02 -2.690e+03
3.610e+02 -8.142e+02  3.602e-86  2.354e+02 -8.142e+02
3.620e+02 -2.057e+03  1.017e-83  2.473e+02 -2.057e+03
3.630e+02 -2.950e+03  2.653e-81  2.622e+02 -2.950e+03
3.640e+02 -2.914e+03  6.385e-79  2.593e+02 -2.914e+03
3.650e+02 -2.226e+03  1.419e-76  2.573e+02 -2.226e+03
3.660e+02 -2.912e+03  2.909e-74  2.700e+02 -2.912e+03
3.670e+02 -1.067e+03  5.508e-72  2.434e+02 -1.067e+03
3.680e+02 -1.099e+03  9.627e-70  2.376e+02 -1.099e+03
3.690e+02 -1.421e+03  1.553e-67  2.410e+02 -1.421e+03
3.700e+02 -1.135e+03  2.313e-65  2.387e+02 -1.135e+03
3.710e+02 -3.373e+02  3.180e-63  2.352e+02 -3.373e+02
3.720e+02 -2.198e+03  4.036e-61  2.530e+02 -2.198e+03
3.730e+02 -2.579e+03  4.728e-59  2.553e+02 -2.579e+03
3.740e+02 -2.499e+03  5.113e-57  2.605e+02 -2.499e+03
3.750e+02 -2.502e+03  5.104e-55  2.606e+02 -2.502e+03
3.760e+02 -1.102e+03  4.704e-53  2.458e+02 -1.102e+03
3.770e+02 -1.885e+03  4.002e-51  2.537e+02 -1.885e+03
3.780e+02 -2.820e+03  3.143e-49  2.566e+02 -2.820e+03
3.790e+02 -3.037e+03  2.278e-47  2.609e+02 -3.037e+03
3.800e+02 -2.626e+03  1.524e-45  2.601e+02 -2.626e+03
3.810e+02 -2.284e+03  9.417e-44  2.549e+02 -2.284e+03
3.820e+02 -6.277e+02  5.370e-42  2.430e+02 -6.277e+02
3.830e+02 -1.373e+03  2.827e-40  2.535e+02 -1.373e+03
3.840e+02 -2.488e+03  1.374e-38  2.656e+02 -2.488e+03
3.850e+02 -3.184e+02  6.162e-37  2.541e+02 -3.184e+02
3.860e+02 -6.355e+02  2.551e-35  2.581e+02 -6.355e+02
3.870e+02 -3.972e+02  9.753e-34  2.658e+02 -3.972e+02
3.880e+02 -3.342e+02  3.441e-32  2.690e+02 -3.342e+02
3.890e+02 -8.000e+02  1.121e-30  2.747e+02 -8.000e+02
3.900e+02 -2.014e+02  3.370e-29  2.759e+02 -2.014e+02
3.910e+02 -1.343e+03  9.355e-28  2.833e+02 -1.343e+03
3.920e+02 -2.955e+02  2.397e-26  2.803e+02 -2.955e+02
3.930e+02 -1.584e+03  5.670e-25  2.886e+02 -1.584e+03
3.940e+02 -1.595e+03  1.238e-23  2.944e+02 -1.595e+03
3.950e+02 -1.172e+03  2.495e-22  3.070e+02 -1.172e+03
3.960e+02  1.076e+02  4.642e-21  2.939e+02  1.076e+02
3.970e+02 -1.014e+03  7.974e-20  2.908e+02 -1.014e+03
3.980e+02 -3.891e+02  1.264e-18  2.816e+02 -3.891e+02
3.990e+02 -2.562e+03  1.850e-17  3.007e+02 -2.562e+03
4.000e+02 -2.375e+03  2.500e-16  3.128e+02 -2.375e+03
4.010e+02 -1.083e+03  3.118e-15  2.991e+02 -1.083e+03
4.020e+02 -1.560e+03  3.590e-14  2.966e+02 -1.560e+03
4.030e+02 -1.690e+03  3.815e-13  2.860e+02 -1.690e+03
4.040e+02 -3.221e+03  3.743e-12  3.069e+02 -3.221e+03
4.050e+02 -8.598e+02  3.390e-11  2.893e+02 -8.598e+02
4.060e+02  4.709e+02  2.834e-10  3.089e+02  4.709e+02
4.070e+02  3.363e+02  2.187e-09  2.881e+02  3.363e+02
4.080e+02 -1.988e+03  1.558e-08  2.947e+02 -1.988e+03
4.090e+02 -2.397e+03  1.025e-07  2.998e+02 -2.397e+03
4.100e+02 -1.991e+03  6.220e-07  2.950e+02 -1.991e+03
4.110e+02 -7.357e+02  3.486e-06  2.841e+02 -7.357e+02
4.120e+02 -6.904e+01  1.803e-05  2.927e+02 -6.904e+01
4.130e+02 -1.917e+03  8.611e-05  3.266e+02 -1.917e+03
4.140e+02 -3.118e+03  3.796e-04  3.308e+02 -3.118e+03
4.150e+02 -2.544e+03  1.545e-03  3.370e+02 -2.544e+03
4.160e+02 -1.203e+03  5.802e-03  3.185e+02 -1.203e+03
4.170e+02  2.613e+02  2.012e-02  3.170e+02  2.613e+02
4.180e+02 -2.417e+03  6.441e-02  3.341e+02 -2.417e+03
4.190e+02 -2.432e+03  1.903e-01  3.278e+02 -2.432e+03
4.200e+02 -3.231e+03  5.191e-01  3.453e+02 -3.231e+03
4.210e+02 -1.099e+03  1.307e+00  3.171e+02 -1.100e+03
4.220e+02 -1.957e+02  3.039e+00  3.209e+02 -1.988e+02
4.230e+02 -2.128e+03  6.520e+00  3.434e+02 -2.134e+03
4.240e+02 -2.896e+03  1.291e+01  3.494e+02 -2.909e+03
4.250e+02 -3.617e+03  2.361e+01  3.564e+02 -3.641e+03
4.260e+02 -9.768e+02  3.986e+01  3.378e+02 -1.017e+03
4.270e+02 -2.204e+03  6.210e+01  3.442e+02 -2.266e+03
4.280e+02 -2.677e+03  8.932e+01  3.471e+02 -2.767e+03
4.290e+02 -2.635e+03  1.186e+02  3.370e+02 -2.753e+03
4.300e+02 -9.236e+02  1.454e+02  3.140e+02 -1.069e+03
4.310e+02 -2.049e+03  1.645e+02  3.365e+02 -2.213e+03
4.320e+02  1.632e+02  1.718e+02  3.109e+02 -8.539e+00
4.330e+02 -8.056e+02  1.656e+02  3.414e+02 -9.712e+02
4.340e+02 -2.999e+03  1.474e+02  3.511e+02 -3.146e+03
4.350e+02 -3.678e+03  1.211e+02  3.503e+02 -3.799e+03
4.360e+02 -2.000e+03  9.184e+01  3.318e+02 -2.092e+03
4.370e+02 -9.150e+02  6.430e+01  3.271e+02 -9.793e+02
4.380e+02 -3.457e+03  4.156e+01  3.523e+02 -3.499e+03
4.390e+02 -2.489e+03  2.479e+01  3.604e+02 -2.514e+03
4.400e+02 -1.852e+03  1.365e+01  3.335e+02 -1.866e+03
4.410e+02 -2.918e+03  6.941e+00  3.359e+02 -2.925e+03
4.420e+02 -1.870e+03  3.257e+00  3.297e+02 -1.873e+03
4.430e+02  1.762e+02  1.411e+00  3.142e+02  1.748e+02
4.440e+02 -2.418e+03  5.643e-01  3.306e+02 -2.419e+03
4.450e+02 -2.243e+03  2.083e-01  3.255e+02 -2.243e+03
4.460e+02 -2.633e+03  7.100e-02  3.354e+02 -2.633e+03
4.470e+02 -5.995e+02  2.233e-02  3.364e+02 -5.995e+02
4.480e+02 -8.863e+02  6.486e-03  3.351e+02 -8.863e+02
4.490e+02 -2.094e+03  1.739e-03  3.556e+02 -2.094e+03
4.500e+02 -4.105e+03  4.302e-04  3.828e+02 -4.105e+03
4.510e+02 -3.709e+03  9.828e-05  3.832e+02 -3.709e+03
4.520e+02 -4.077e+03  2.072e-05  3.818e+02 -4.077e+03
4.530e+02 -1.104e+03  4.034e-06  3.642e+02 -1.104e+03
4.540e+02 -5.476e+02  7.248e-07  3.536e+02 -5.476e+02
4.550e+02 -2.470e+03  1.202e-07  3.676e+02 -2.470e+03
4.560e+02 -1.637e+03  1.841e-08  3.388e+02 -1.637e+03
4.570e+02 -1.529e+03  2.602e-09  3.396e+02 -1.529e+03
4.580e+02 -1.625e+03  3.396e-10  3.425e+02 -1.625e+03
4.590e+02 -1.532e+03  4.090e-11  3.612e+02 -1.532e+03
4.600e+02 -2.538e+03  4.548e-12  3.737e+02 -2.538e+03
4.610e+02 -1.872e+03  4.668e-13  3.604e+02 -1.872e+03
4.620e+02 -3.346e+03  4.423e-14  3.752e+02 -3.346e+03
4.630e+02 -1.564e+02  3.868e-15  3.550e+02 -1.564e+02
4.640e+02  3.544e+02  3.123e-16  3.485e+02  3.544e+02
4.650e+02 -1.360e+03  2.328e-17  3.515e+02 -1.360e+03
4.660e+02 -3.945e+03  1.602e-18  3.895e+02 -3.945e+03
4.670e+02 -5.025e+03  1.017e-19  4.130e+02 -5.025e+03
4.680e+02 -4.081e+03  5.964e-21  4.180e+02 -4.081e+03
4.690e+02 -1.728e+03  3.228e-22  4.114e+02 -1.728e+03
4.700e+02  2.144e+03  1.613e-23  4.014e+02  2.144e+03
4.710e+02  2.528e+03  7.437e-25  4.226e+02  2.528e+03
4.720e+02 -1.203e+03  3.166e-26  4.180e+02 -1.203e+03
4.730e+02 -3.361e+03  1.244e-27  4.351e+02 -3.361e+03
4.740e+02 -2.565e+03  4.514e-29  4.368e+02 -2.565e+03
4.750e+02  2.928e+01  1.512e-30  4.067e+02  2.928e+01
4.760e+02 -9.593e+02  4.674e-32  4.103e+02 -9.593e+02
4.770e+02 -5.887e+02  1.334e-33  4.245e+02 -5.887e+02
4.780e+02 -2.265e+03  3.514e-35  4.063e+02 -2.265e+03
4.790e+02 -2.793e+03  8.545e-37  4.093e+02 -2.793e+03
4.800e+02 -1.059e+03  1.918e-38  4.023e+02 -1.059e+03
4.810e+02 -1.312e+03  3.975e-40  4.125e+02 -1.312e+03
4.820e+02 -2.080e+03  7.604e-42  4.101e+02 -2.080e+03
4.830e+02 -2.369e+03  1.343e-43  4.020e+02 -2.369e+03
4.840e+02 -4.083e+03  2.189e-45  4.388e+02 -4.083e+03
4.850e+02  8.758e+01  3.294e-47  4.084e+02  8.758e+01
4.860e+02 -1.226e+02  4.575e-49  4.229e+02 -1.226e+02
4.870e+02 -1.126e+03  5.867e-51  4.162e+02 -1.126e+03
4.880e+02 -2.468e+03  6.945e-53  4.711e+02 -2.468e+03
4.890e+02 -4.022e+03  7.588e-55  4.796e+02 -4.022e+03
4.900e+02 -1.944e+03  7.654e-57  4.525e+02 -1.944e+03
4.910e+02 -1.297e+03  7.127e-59  4.387e+02 -1.297e+03
4.920e+02  7.584e+02  6.126e-61  4.356e+02  7.584e+02
4.930e+02 -1.351e+03  4.861e-63  4.417e+02 -1.351e+03
4.940e+02 -4.011e+03  3.560e-65  4.826e+02 -4.011e+03
4.950e+02 -4.242e+03  2.407e-67  5.018e+02 -4.242e+03
4.960e+02 -3.629e+03  1.503e-69  4.846e+02 -3.629e+03
4.970e+02 -8.725e+02  8.657e-72  4.507e+02 -8.725e+02
4.980e+02  1.980e+03  4.604e-74  4.530e+02  1.980e+03
4.990e+02  9.071e+02  2.261e-76  4.613e+02  9.071e+02
5.000e+02 -3.730e+03  1.025e-78  5.256e+02 -3.730e+03
5.010e+02 -3.774e+03  4.287e-81  5.087e+02 -3.774e+03
5.020e+02 -2.246e+03  1.656e-83  5.130e+02 -2.246e+03
5.030e+02 -2.925e+02  5.903e-86  4.892e+02 -2.925e+02
5.040e+02  5.836e+02  1.943e-88  4.741e+02  5.836e+02
5.050e+02 -6.291e+02  5.902e-91  4.704e+02 -6.291e+02
5.060e+02 -3.840e+03  1.655e-93  5.026e+02 -3.840e+03
5.070e+02 -3.010e+03  4.285e-96  4.746e+02 -3.010e+03
5.080e+02 -1.626e+03  1.024e-98  4.653e+02 -1.626e+03
5.090e+02  1.379e+03 2.259e-101  4.672e+02  1.379e+03
5.100e+02  1.081e+03 4.601e-104  4.440e+02  1.081e+03
5.110e+02 -1.453e+03 8.650e-107  4.572e+02 -1.453e+03
