# analysis 25299 -p8 -GP -d3.9 -u40 -U150 -y65 -Y110 -o 25299.out 
# Crop window: [0, 511; 65, 110] Normalization: 0.912798		a * exp (-((x - x0)/b)^2) + c	PPCI
#filename              param    radius     sigma   contast         N    Ttherm         a         x0          b          c     radial      scatt       CoM     Width    Median  MedWidth
# 25299          0.000000e+00 3.486e+02 2.529e+03 2.422e-01 1.299e+06 2.200e-08 1.495e+04  2.552e+02  4.357e+01  0.000e+00  1.629e+01  9.735e+00 2.608e+02 7.107e+01 2.565e+02 3.700e+01
# error                     0 4.690e+00         0         0 3.278e+04 1.000e-03  2.945e-01  3.922e-01  1.000e-03          0         0 2.019e+01
# 
# z    intNum       Fit     Error       Res
0.000e+00 -5.212e+03  1.870e-11  1.446e+03 -5.212e+03
1.000e+00 -4.171e+03  2.445e-11  1.458e+03 -4.171e+03
2.000e+00 -8.074e+03  3.195e-11  1.416e+03 -8.074e+03
3.000e+00 -2.027e+03  4.170e-11  1.309e+03 -2.027e+03
4.000e+00  1.846e+02  5.436e-11  1.211e+03  1.846e+02
5.000e+00 -4.796e+03  7.079e-11  1.167e+03 -4.796e+03
6.000e+00 -2.504e+03  9.210e-11  1.133e+03 -2.504e+03
7.000e+00 -2.099e+02  1.197e-10  1.103e+03 -2.099e+02
8.000e+00  1.359e+03  1.554e-10  1.081e+03  1.359e+03
9.000e+00  3.331e+03  2.015e-10  1.079e+03  3.331e+03
1.000e+01 -2.403e+03  2.611e-10  1.103e+03 -2.403e+03
1.100e+01 -2.628e+03  3.379e-10  1.129e+03 -2.628e+03
1.200e+01 -2.535e+03  4.368e-10  1.131e+03 -2.535e+03
1.300e+01  4.543e+02  5.640e-10  1.158e+03  4.543e+02
1.400e+01  4.338e+03  7.276e-10  1.175e+03  4.338e+03
1.500e+01  4.164e+03  9.377e-10  1.218e+03  4.164e+03
1.600e+01  4.610e+03  1.207e-09  1.257e+03  4.610e+03
1.700e+01  8.357e+02  1.552e-09  1.258e+03  8.357e+02
1.800e+01 -3.927e+03  1.994e-09  1.290e+03 -3.927e+03
1.900e+01 -3.428e+03  2.559e-09  1.285e+03 -3.428e+03
2.000e+01 -2.438e+03  3.280e-09  1.277e+03 -2.438e+03
2.100e+01  1.606e+03  4.201e-09  1.273e+03  1.606e+03
2.200e+01  4.665e+03  5.374e-09  1.248e+03  4.665e+03
2.300e+01  4.499e+03  6.867e-09  1.256e+03  4.499e+03
2.400e+01  1.956e+03  8.766e-09  1.227e+03  1.956e+03
2.500e+01  2.106e+03  1.118e-08  1.186e+03  2.106e+03
2.600e+01 -2.842e+03  1.424e-08  1.155e+03 -2.842e+03
2.700e+01 -4.044e+03  1.812e-08  1.174e+03 -4.044e+03
2.800e+01  3.530e+03  2.303e-08  1.195e+03  3.530e+03
2.900e+01  3.301e+03  2.925e-08  1.209e+03  3.301e+03
3.000e+01  5.339e+03  3.710e-08  1.233e+03  5.339e+03
3.100e+01  2.680e+03  4.701e-08  1.264e+03  2.680e+03
3.200e+01  1.167e+03  5.951e-08  1.246e+03  1.167e+03
3.300e+01 -1.368e+03  7.524e-08  1.223e+03 -1.368e+03
3.400e+01  1.881e+03  9.504e-08  1.200e+03  1.881e+03
3.500e+01  2.948e+03  1.199e-07  1.172e+03  2.948e+03
3.600e+01  2.533e+03  1.512e-07  1.169e+03  2.533e+03
3.700e+01 -1.098e+03  1.903e-07  1.213e+03 -1.098e+03
3.800e+01 -5.909e+03  2.394e-07  1.279e+03 -5.909e+03
3.900e+01 -6.489e+02  3.008e-07  1.308e+03 -6.489e+02
4.000e+01 -1.451e+03  3.776e-07  1.373e+03 -1.451e+03
4.100e+01 -3.637e+02  4.735e-07  1.376e+03 -3.637e+02
4.200e+01  3.008e+03  5.930e-07  1.437e+03  3.008e+03
4.300e+01  2.212e+02  7.420e-07  1.496e+03  2.212e+02
4.400e+01  4.660e+03  9.274e-07  1.452e+03  4.660e+03
4.500e+01  2.847e+03  1.158e-06  1.395e+03  2.847e+03
4.600e+01  4.173e+03  1.444e-06  1.377e+03  4.173e+03
4.700e+01  5.146e+03  1.800e-06  1.326e+03  5.146e+03
4.800e+01 -2.490e+03  2.240e-06  1.316e+03 -2.490e+03
4.900e+01  7.250e+03  2.785e-06  1.251e+03  7.250e+03
5.000e+01  2.271e+03  3.459e-06  1.243e+03  2.271e+03
5.100e+01  2.028e+03  4.292e-06  1.289e+03  2.028e+03
5.200e+01 -8.708e+01  5.319e-06  1.297e+03 -8.708e+01
5.300e+01  2.469e+03  6.586e-06  1.277e+03  2.469e+03
5.400e+01  2.194e+03  8.145e-06  1.224e+03  2.194e+03
5.500e+01  2.729e+03  1.006e-05  1.135e+03  2.729e+03
5.600e+01  3.538e+03  1.242e-05  1.086e+03  3.538e+03
5.700e+01  2.369e+03  1.531e-05  1.073e+03  2.369e+03
5.800e+01  3.109e+03  1.886e-05  1.063e+03  3.109e+03
5.900e+01  4.440e+03  2.320e-05  1.033e+03  4.440e+03
6.000e+01 -1.322e+02  2.852e-05  1.014e+03 -1.322e+02
6.100e+01 -4.375e+03  3.501e-05  9.801e+02 -4.375e+03
6.200e+01 -4.955e+03  4.294e-05  9.395e+02 -4.955e+03
6.300e+01 -5.815e+03  5.261e-05  9.347e+02 -5.815e+03
6.400e+01 -5.450e+03  6.438e-05  9.424e+02 -5.450e+03
6.500e+01  4.978e+01  7.871e-05  9.354e+02  4.978e+01
6.600e+01 -1.473e+03  9.613e-05  9.593e+02 -1.473e+03
6.700e+01 -1.010e+03  1.173e-04  9.394e+02 -1.010e+03
6.800e+01 -1.771e+03  1.429e-04  9.289e+02 -1.771e+03
6.900e+01 -8.288e+02  1.740e-04  9.140e+02 -8.288e+02
7.000e+01 -1.119e+03  2.116e-04  9.219e+02 -1.119e+03
7.100e+01  3.457e+03  2.571e-04  9.133e+02  3.457e+03
7.200e+01  4.664e+03  3.120e-04  9.025e+02  4.664e+03
7.300e+01  2.235e+03  3.782e-04  8.861e+02  2.235e+03
7.400e+01  1.783e+03  4.580e-04  8.796e+02  1.783e+03
7.500e+01  1.367e+03  5.541e-04  8.537e+02  1.367e+03
7.600e+01  9.223e+02  6.696e-04  8.299e+02  9.223e+02
7.700e+01 -1.638e+03  8.083e-04  8.101e+02 -1.638e+03
7.800e+01 -2.351e+03  9.747e-04  7.881e+02 -2.351e+03
7.900e+01  7.335e+02  1.174e-03  7.576e+02  7.335e+02
8.000e+01  1.860e+03  1.413e-03  7.460e+02  1.860e+03
8.100e+01  6.103e+02  1.699e-03  7.549e+02  6.103e+02
8.200e+01 -1.894e+03  2.040e-03  7.692e+02 -1.894e+03
8.300e+01  4.404e+02  2.447e-03  7.861e+02  4.404e+02
8.400e+01 -1.545e+03  2.932e-03  8.115e+02 -1.545e+03
8.500e+01  3.632e+03  3.510e-03  8.322e+02  3.632e+03
8.600e+01  2.270e+03  4.197e-03  8.540e+02  2.270e+03
8.700e+01 -2.053e+03  5.014e-03  8.813e+02 -2.053e+03
8.800e+01 -3.808e+03  5.983e-03  8.725e+02 -3.808e+03
8.900e+01 -2.715e+03  7.132e-03  8.402e+02 -2.715e+03
9.000e+01  2.005e+03  8.493e-03  8.171e+02  2.005e+03
9.100e+01  2.039e+03  1.010e-02  7.924e+02  2.039e+03
9.200e+01 -1.136e+03  1.200e-02  7.804e+02 -1.136e+03
9.300e+01 -6.677e+02  1.425e-02  7.608e+02 -6.677e+02
9.400e+01  3.041e+02  1.690e-02  7.611e+02  3.041e+02
9.500e+01  7.946e+02  2.001e-02  7.489e+02  7.946e+02
9.600e+01  8.727e+02  2.368e-02  7.577e+02  8.727e+02
9.700e+01  1.624e+02  2.799e-02  7.556e+02  1.623e+02
9.800e+01  3.615e+03  3.305e-02  7.561e+02  3.615e+03
9.900e+01  3.084e+03  3.899e-02  7.698e+02  3.084e+03
1.000e+02  2.626e+03  4.594e-02  7.726e+02  2.626e+03
1.010e+02 -2.071e+03  5.407e-02  7.822e+02 -2.071e+03
1.020e+02 -1.556e+03  6.358e-02  7.873e+02 -1.556e+03
1.030e+02 -8.764e+02  7.468e-02  7.769e+02 -8.764e+02
1.040e+02  6.719e+02  8.762e-02  7.716e+02  6.718e+02
1.050e+02 -7.340e+02  1.027e-01  7.808e+02 -7.341e+02
1.060e+02 -9.410e+01  1.203e-01  7.512e+02 -9.422e+01
1.070e+02 -6.565e+02  1.407e-01  7.375e+02 -6.566e+02
1.080e+02 -9.521e+02  1.643e-01  7.211e+02 -9.522e+02
1.090e+02 -2.448e+03  1.918e-01  7.190e+02 -2.449e+03
1.100e+02 -2.133e+03  2.236e-01  7.401e+02 -2.133e+03
1.110e+02  2.288e+03  2.605e-01  7.595e+02  2.287e+03
1.120e+02  3.106e+03  3.031e-01  7.573e+02  3.105e+03
1.130e+02  1.239e+02  3.523e-01  7.627e+02  1.235e+02
1.140e+02  2.908e+03  4.090e-01  7.457e+02  2.908e+03
1.150e+02  7.556e+02  4.743e-01  7.433e+02  7.551e+02
1.160e+02 -7.487e+02  5.496e-01  7.384e+02 -7.493e+02
1.170e+02 -2.923e+02  6.361e-01  7.359e+02 -2.930e+02
1.180e+02 -4.061e+01  7.354e-01  7.392e+02 -4.135e+01
1.190e+02  4.266e+03  8.493e-01  7.328e+02  4.265e+03
1.200e+02 -1.135e+03  9.799e-01  7.295e+02 -1.136e+03
1.210e+02  1.557e+02  1.129e+00  7.267e+02  1.546e+02
1.220e+02  1.042e+03  1.300e+00  7.288e+02  1.041e+03
1.230e+02 -1.398e+02  1.495e+00  7.401e+02 -1.413e+02
1.240e+02  2.816e+02  1.718e+00  7.367e+02  2.799e+02
1.250e+02 -4.273e+03  1.972e+00  7.372e+02 -4.275e+03
1.260e+02 -7.084e+02  2.260e+00  7.294e+02 -7.107e+02
1.270e+02 -1.031e+02  2.589e+00  7.279e+02 -1.056e+02
1.280e+02  3.511e+03  2.962e+00  7.166e+02  3.508e+03
1.290e+02  2.028e+03  3.385e+00  7.061e+02  2.025e+03
1.300e+02  5.627e+02  3.864e+00  7.124e+02  5.588e+02
1.310e+02 -3.501e+01  4.407e+00  7.119e+02 -3.942e+01
1.320e+02  3.013e+03  5.020e+00  7.152e+02  3.008e+03
1.330e+02  2.412e+03  5.713e+00  7.184e+02  2.406e+03
1.340e+02  3.397e+03  6.495e+00  7.076e+02  3.391e+03
1.350e+02 -1.130e+03  7.376e+00  7.123e+02 -1.137e+03
1.360e+02 -1.194e+03  8.368e+00  7.169e+02 -1.202e+03
1.370e+02 -6.880e+01  9.483e+00  7.207e+02 -7.828e+01
1.380e+02 -3.059e+03  1.073e+01  7.341e+02 -3.070e+03
1.390e+02 -1.272e+03  1.214e+01  7.243e+02 -1.284e+03
1.400e+02  5.497e+02  1.371e+01  7.139e+02  5.360e+02
1.410e+02  1.366e+03  1.548e+01  6.935e+02  1.350e+03
1.420e+02 -6.288e+02  1.745e+01  6.949e+02 -6.462e+02
1.430e+02  2.735e+03  1.965e+01  6.920e+02  2.716e+03
1.440e+02  3.727e+03  2.210e+01  6.968e+02  3.705e+03
1.450e+02  2.956e+03  2.483e+01  6.991e+02  2.931e+03
1.460e+02  1.142e+03  2.788e+01  6.975e+02  1.114e+03
1.470e+02  3.583e+02  3.126e+01  6.910e+02  3.270e+02
1.480e+02 -1.935e+03  3.502e+01  7.001e+02 -1.970e+03
1.490e+02 -3.680e+03  3.919e+01  6.988e+02 -3.719e+03
1.500e+02 -1.054e+03  4.380e+01  6.905e+02 -1.098e+03
1.510e+02  2.742e+03  4.891e+01  6.748e+02  2.694e+03
1.520e+02  2.265e+03  5.456e+01  6.661e+02  2.210e+03
1.530e+02  4.315e+02  6.080e+01  6.761e+02  3.707e+02
1.540e+02 -2.051e+03  6.768e+01  6.808e+02 -2.118e+03
1.550e+02 -7.429e+01  7.525e+01  6.789e+02 -1.495e+02
1.560e+02 -3.268e+02  8.359e+01  6.753e+02 -4.104e+02
1.570e+02 -6.813e+02  9.276e+01  6.645e+02 -7.741e+02
1.580e+02  1.911e+03  1.028e+02  6.656e+02  1.808e+03
1.590e+02  2.978e+03  1.138e+02  6.686e+02  2.864e+03
1.600e+02 -5.165e+02  1.259e+02  6.651e+02 -6.425e+02
1.610e+02 -8.513e+02  1.391e+02  6.472e+02 -9.904e+02
1.620e+02  3.560e+02  1.536e+02  6.346e+02  2.024e+02
1.630e+02 -8.997e+02  1.693e+02  6.293e+02 -1.069e+03
1.640e+02 -5.474e+02  1.865e+02  6.421e+02 -7.339e+02
1.650e+02  1.382e+03  2.052e+02  6.396e+02  1.177e+03
1.660e+02  1.474e+03  2.256e+02  6.272e+02  1.248e+03
1.670e+02  3.579e+02  2.477e+02  6.136e+02  1.102e+02
1.680e+02 -3.391e+03  2.717e+02  6.310e+02 -3.663e+03
1.690e+02  2.339e+03  2.977e+02  6.212e+02  2.042e+03
1.700e+02 -1.670e+03  3.258e+02  6.283e+02 -1.995e+03
1.710e+02  1.061e+03  3.562e+02  6.299e+02  7.047e+02
1.720e+02  3.186e+02  3.891e+02  6.252e+02 -7.051e+01
1.730e+02 -3.644e+02  4.245e+02  6.171e+02 -7.889e+02
1.740e+02 -1.015e+03  4.627e+02  6.091e+02 -1.477e+03
1.750e+02  8.943e+01  5.038e+02  6.027e+02 -4.143e+02
1.760e+02  2.059e+03  5.479e+02  6.052e+02  1.511e+03
1.770e+02  2.179e+03  5.953e+02  6.042e+02  1.584e+03
1.780e+02  1.090e+03  6.461e+02  6.100e+02  4.441e+02
1.790e+02 -9.748e+01  7.005e+02  6.040e+02 -7.980e+02
1.800e+02 -2.700e+03  7.587e+02  6.095e+02 -3.459e+03
1.810e+02  1.112e+02  8.208e+02  6.057e+02 -7.096e+02
1.820e+02  1.893e+03  8.871e+02  6.164e+02  1.006e+03
1.830e+02  1.083e+03  9.577e+02  6.227e+02  1.248e+02
1.840e+02 -7.523e+02  1.033e+03  6.198e+02 -1.785e+03
1.850e+02 -1.954e+03  1.113e+03  6.173e+02 -3.067e+03
1.860e+02 -5.746e+02  1.198e+03  6.077e+02 -1.772e+03
1.870e+02 -8.787e+02  1.288e+03  5.939e+02 -2.166e+03
1.880e+02  2.820e+03  1.383e+03  6.063e+02  1.437e+03
1.890e+02  2.249e+03  1.484e+03  6.053e+02  7.659e+02
1.900e+02  2.390e+03  1.590e+03  6.291e+02  8.005e+02
1.910e+02  4.472e+03  1.702e+03  6.056e+02  2.770e+03
1.920e+02  5.192e+03  1.820e+03  5.955e+02  3.372e+03
1.930e+02  3.536e+03  1.945e+03  5.858e+02  1.592e+03
1.940e+02  1.040e+03  2.075e+03  5.909e+02 -1.035e+03
1.950e+02  3.231e+02  2.212e+03  5.789e+02 -1.889e+03
1.960e+02  7.560e+02  2.356e+03  5.840e+02 -1.600e+03
1.970e+02  4.408e+03  2.507e+03  5.883e+02  1.902e+03
1.980e+02  5.319e+03  2.664e+03  5.838e+02  2.656e+03
1.990e+02  7.073e+03  2.828e+03  6.140e+02  4.246e+03
2.000e+02  4.215e+03  2.999e+03  6.272e+02  1.216e+03
2.010e+02  5.355e+03  3.177e+03  6.436e+02  2.178e+03
2.020e+02  2.872e+03  3.362e+03  6.531e+02 -4.900e+02
2.030e+02  4.634e+03  3.554e+03  6.459e+02  1.080e+03
2.040e+02  6.368e+03  3.753e+03  6.302e+02  2.615e+03
2.050e+02  6.513e+03  3.959e+03  6.555e+02  2.554e+03
2.060e+02  5.944e+03  4.172e+03  6.617e+02  1.773e+03
2.070e+02  4.425e+03  4.392e+03  6.569e+02  3.373e+01
2.080e+02  3.732e+03  4.618e+03  6.379e+02 -8.861e+02
2.090e+02  5.626e+03  4.851e+03  6.529e+02  7.747e+02
2.100e+02  3.656e+03  5.091e+03  6.589e+02 -1.434e+03
2.110e+02  3.821e+03  5.336e+03  6.656e+02 -1.515e+03
2.120e+02  2.415e+03  5.588e+03  6.584e+02 -3.173e+03
2.130e+02  5.249e+03  5.845e+03  6.490e+02 -5.958e+02
2.140e+02  5.938e+03  6.108e+03  6.845e+02 -1.699e+02
2.150e+02  4.938e+03  6.375e+03  6.707e+02 -1.438e+03
2.160e+02  4.850e+03  6.648e+03  7.151e+02 -1.798e+03
2.170e+02  5.889e+03  6.925e+03  7.079e+02 -1.036e+03
2.180e+02  9.013e+03  7.206e+03  7.103e+02  1.808e+03
2.190e+02  9.640e+03  7.490e+03  7.113e+02  2.150e+03
2.200e+02  1.240e+04  7.777e+03  7.539e+02  4.627e+03
2.210e+02  8.400e+03  8.067e+03  6.890e+02  3.330e+02
2.220e+02  6.685e+03  8.359e+03  7.171e+02 -1.674e+03
2.230e+02  9.347e+03  8.652e+03  7.963e+02  6.949e+02
2.240e+02  1.280e+04  8.946e+03  7.902e+02  3.855e+03
2.250e+02  1.090e+04  9.241e+03  7.819e+02  1.662e+03
2.260e+02  7.103e+03  9.535e+03  6.865e+02 -2.432e+03
2.270e+02  5.517e+03  9.827e+03  6.915e+02 -4.310e+03
2.280e+02  7.645e+03  1.012e+04  8.564e+02 -2.474e+03
2.290e+02  1.199e+04  1.041e+04  9.667e+02  1.579e+03
2.300e+02  1.292e+04  1.069e+04  9.311e+02  2.227e+03
2.310e+02  1.080e+04  1.098e+04  8.070e+02 -1.732e+02
2.320e+02  9.704e+03  1.125e+04  7.469e+02 -1.550e+03
2.330e+02  7.733e+03  1.153e+04  6.872e+02 -3.794e+03
2.340e+02  8.479e+03  1.179e+04  7.270e+02 -3.314e+03
2.350e+02  1.125e+04  1.205e+04  8.518e+02 -8.011e+02
2.360e+02  1.517e+04  1.231e+04  9.980e+02  2.867e+03
2.370e+02  1.461e+04  1.255e+04  9.989e+02  2.054e+03
2.380e+02  1.277e+04  1.279e+04  9.383e+02 -2.227e+01
2.390e+02  1.346e+04  1.302e+04  7.992e+02  4.413e+02
2.400e+02  1.178e+04  1.323e+04  7.812e+02 -1.455e+03
2.410e+02  1.383e+04  1.344e+04  9.509e+02  3.906e+02
2.420e+02  1.666e+04  1.364e+04  1.022e+03  3.026e+03
2.430e+02  1.262e+04  1.382e+04  8.050e+02 -1.200e+03
2.440e+02  1.131e+04  1.399e+04  6.956e+02 -2.679e+03
2.450e+02  1.578e+04  1.415e+04  8.803e+02  1.632e+03
2.460e+02  1.910e+04  1.430e+04  1.063e+03  4.803e+03
2.470e+02  2.058e+04  1.443e+04  1.148e+03  6.152e+03
2.480e+02  2.014e+04  1.455e+04  1.142e+03  5.594e+03
2.490e+02  1.456e+04  1.465e+04  1.107e+03 -9.048e+01
2.500e+02  1.423e+04  1.474e+04  1.130e+03 -5.105e+02
2.510e+02  1.641e+04  1.481e+04  1.165e+03  1.598e+03
2.520e+02  1.184e+04  1.487e+04  9.622e+02 -3.032e+03
2.530e+02  1.041e+04  1.491e+04  8.794e+02 -4.508e+03
2.540e+02  1.061e+04  1.494e+04  9.528e+02 -4.330e+03
2.550e+02  1.337e+04  1.495e+04  1.038e+03 -1.578e+03
2.560e+02  1.740e+04  1.495e+04  1.177e+03  2.454e+03
2.570e+02  1.799e+04  1.493e+04  1.204e+03  3.058e+03
2.580e+02  1.621e+04  1.489e+04  1.255e+03  1.314e+03
2.590e+02  1.438e+04  1.484e+04  1.021e+03 -4.638e+02
2.600e+02  1.215e+04  1.477e+04  8.777e+02 -2.625e+03
2.610e+02  1.195e+04  1.469e+04  9.254e+02 -2.747e+03
2.620e+02  1.397e+04  1.460e+04  9.468e+02 -6.231e+02
2.630e+02  1.511e+04  1.448e+04  9.902e+02  6.223e+02
2.640e+02  1.518e+04  1.436e+04  9.862e+02  8.256e+02
2.650e+02  1.637e+04  1.422e+04  9.746e+02  2.154e+03
2.660e+02  1.524e+04  1.407e+04  8.755e+02  1.177e+03
2.670e+02  1.317e+04  1.390e+04  9.221e+02 -7.345e+02
2.680e+02  1.324e+04  1.372e+04  9.826e+02 -4.832e+02
2.690e+02  1.110e+04  1.353e+04  1.028e+03 -2.432e+03
2.700e+02  8.789e+03  1.333e+04  9.567e+02 -4.539e+03
2.710e+02  1.307e+04  1.312e+04  9.703e+02 -4.500e+01
2.720e+02  1.451e+04  1.289e+04  9.978e+02  1.618e+03
2.730e+02  1.316e+04  1.266e+04  9.754e+02  4.999e+02
2.740e+02  1.247e+04  1.242e+04  8.839e+02  4.623e+01
2.750e+02  1.038e+04  1.217e+04  8.265e+02 -1.789e+03
2.760e+02  9.321e+03  1.191e+04  8.543e+02 -2.592e+03
2.770e+02  1.210e+04  1.165e+04  8.672e+02  4.502e+02
2.780e+02  1.111e+04  1.138e+04  8.695e+02 -2.701e+02
2.790e+02  1.382e+04  1.110e+04  8.641e+02  2.714e+03
2.800e+02  1.697e+04  1.082e+04  9.371e+02  6.143e+03
2.810e+02  1.460e+04  1.054e+04  9.387e+02  4.062e+03
2.820e+02  1.204e+04  1.025e+04  9.364e+02  1.788e+03
2.830e+02  1.234e+04  9.960e+03  9.848e+02  2.377e+03
2.840e+02  1.626e+04  9.668e+03  1.064e+03  6.597e+03
2.850e+02  1.511e+04  9.374e+03  9.958e+02  5.738e+03
2.860e+02  1.246e+04  9.080e+03  9.624e+02  3.383e+03
2.870e+02  1.330e+04  8.785e+03  1.014e+03  4.511e+03
2.880e+02  1.671e+04  8.492e+03  1.066e+03  8.222e+03
2.890e+02  1.547e+04  8.199e+03  9.369e+02  7.274e+03
2.900e+02  1.429e+04  7.908e+03  8.385e+02  6.381e+03
2.910e+02  9.938e+03  7.620e+03  7.734e+02  2.318e+03
2.920e+02  3.961e+03  7.334e+03  7.305e+02 -3.373e+03
2.930e+02  2.310e+03  7.052e+03  7.043e+02 -4.742e+03
2.940e+02  4.278e+03  6.773e+03  6.902e+02 -2.495e+03
2.950e+02  6.199e+03  6.498e+03  6.631e+02 -2.999e+02
2.960e+02  2.634e+03  6.228e+03  6.482e+02 -3.594e+03
2.970e+02  2.836e+03  5.963e+03  6.554e+02 -3.128e+03
2.980e+02  4.181e+03  5.704e+03  6.263e+02 -1.523e+03
2.990e+02  6.708e+03  5.449e+03  6.244e+02  1.258e+03
3.000e+02  6.811e+03  5.201e+03  6.320e+02  1.610e+03
3.010e+02  4.113e+03  4.959e+03  6.576e+02 -8.457e+02
3.020e+02  3.521e+03  4.723e+03  6.509e+02 -1.202e+03
3.030e+02  1.718e+03  4.493e+03  6.674e+02 -2.775e+03
3.040e+02  3.634e+03  4.271e+03  6.584e+02 -6.365e+02
3.050e+02  4.588e+03  4.055e+03  6.446e+02  5.339e+02
3.060e+02  5.013e+03  3.845e+03  6.293e+02  1.167e+03
3.070e+02  1.219e+03  3.643e+03  6.222e+02 -2.425e+03
3.080e+02  5.066e+03  3.448e+03  6.231e+02  1.618e+03
3.090e+02  3.566e+03  3.260e+03  6.261e+02  3.060e+02
3.100e+02  3.229e+03  3.079e+03  6.198e+02  1.506e+02
3.110e+02  2.351e+03  2.904e+03  6.127e+02 -5.531e+02
3.120e+02  5.588e+02  2.737e+03  6.033e+02 -2.178e+03
3.130e+02  1.068e+03  2.577e+03  6.173e+02 -1.509e+03
3.140e+02  3.591e+03  2.424e+03  6.105e+02  1.168e+03
3.150e+02  3.107e+03  2.277e+03  6.223e+02  8.301e+02
3.160e+02  4.348e+03  2.137e+03  6.177e+02  2.211e+03
3.170e+02  1.974e+03  2.003e+03  6.367e+02 -2.929e+01
3.180e+02  2.805e+03  1.876e+03  6.193e+02  9.292e+02
3.190e+02  2.258e+03  1.755e+03  6.264e+02  5.031e+02
3.200e+02  3.504e+03  1.640e+03  6.267e+02  1.864e+03
3.210e+02  2.282e+03  1.531e+03  6.158e+02  7.507e+02
3.220e+02 -6.203e+02  1.428e+03  6.219e+02 -2.048e+03
3.230e+02 -9.875e+02  1.330e+03  5.999e+02 -2.318e+03
3.240e+02 -2.662e+03  1.238e+03  6.018e+02 -3.900e+03
3.250e+02 -1.712e+03  1.151e+03  6.099e+02 -2.862e+03
3.260e+02 -5.278e+02  1.069e+03  6.140e+02 -1.596e+03
3.270e+02  4.441e+02  9.912e+02  6.410e+02 -5.471e+02
3.280e+02 -5.676e+02  9.186e+02  6.365e+02 -1.486e+03
3.290e+02  2.114e+02  8.503e+02  6.090e+02 -6.390e+02
3.300e+02 -1.459e+03  7.863e+02  6.160e+02 -2.246e+03
3.310e+02 -2.856e+02  7.264e+02  6.115e+02 -1.012e+03
3.320e+02 -7.370e+02  6.703e+02  6.199e+02 -1.407e+03
3.330e+02  7.304e+02  6.179e+02  6.316e+02  1.125e+02
3.340e+02 -1.276e+03  5.690e+02  6.287e+02 -1.845e+03
3.350e+02 -2.018e+03  5.234e+02  6.094e+02 -2.542e+03
3.360e+02 -6.743e+02  4.809e+02  6.039e+02 -1.155e+03
3.370e+02  4.391e+03  4.415e+02  6.038e+02  3.949e+03
3.380e+02  1.724e+03  4.048e+02  6.141e+02  1.319e+03
3.390e+02  1.262e+03  3.708e+02  6.185e+02  8.909e+02
3.400e+02 -1.611e+03  3.393e+02  6.167e+02 -1.950e+03
3.410e+02 -2.456e+02  3.101e+02  6.065e+02 -5.557e+02
3.420e+02  1.343e+03  2.832e+02  6.068e+02  1.060e+03
3.430e+02  1.859e+03  2.583e+02  6.071e+02  1.600e+03
3.440e+02  3.160e+03  2.354e+02  5.958e+02  2.925e+03
3.450e+02  7.791e+02  2.143e+02  6.057e+02  5.648e+02
3.460e+02 -1.551e+03  1.948e+02  6.113e+02 -1.746e+03
3.470e+02 -2.943e+03  1.770e+02  6.107e+02 -3.120e+03
3.480e+02 -1.990e+03  1.606e+02  6.147e+02 -2.150e+03
3.490e+02 -1.271e+03  1.455e+02  6.153e+02 -1.417e+03
3.500e+02  1.637e+03  1.318e+02  6.107e+02  1.505e+03
3.510e+02 -7.338e+02  1.192e+02  6.156e+02 -8.530e+02
3.520e+02 -1.920e+03  1.077e+02  6.155e+02 -2.028e+03
3.530e+02 -5.459e+02  9.720e+01  6.180e+02 -6.431e+02
3.540e+02 -7.801e+02  8.764e+01  6.178e+02 -8.677e+02
3.550e+02 -2.752e+03  7.894e+01  6.262e+02 -2.831e+03
3.560e+02 -3.203e+03  7.102e+01  6.208e+02 -3.274e+03
3.570e+02 -4.032e+03  6.383e+01  6.236e+02 -4.095e+03
3.580e+02 -9.637e+02  5.731e+01  6.137e+02 -1.021e+03
3.590e+02 -8.690e+02  5.141e+01  6.043e+02 -9.204e+02
3.600e+02  7.890e+02  4.606e+01  6.075e+02  7.429e+02
3.610e+02  5.761e+02  4.122e+01  6.152e+02  5.349e+02
3.620e+02 -2.164e+02  3.686e+01  6.209e+02 -2.532e+02
3.630e+02 -6.944e+02  3.292e+01  6.255e+02 -7.273e+02
3.640e+02  1.720e+03  2.937e+01  6.290e+02  1.691e+03
3.650e+02  6.782e+02  2.617e+01  6.264e+02  6.520e+02
3.660e+02 -1.623e+03  2.330e+01  6.548e+02 -1.646e+03
3.670e+02  1.622e+03  2.073e+01  6.510e+02  1.601e+03
3.680e+02 -9.898e+02  1.841e+01  6.522e+02 -1.008e+03
3.690e+02  1.200e+03  1.634e+01  6.469e+02  1.184e+03
3.700e+02 -7.503e+02  1.449e+01  6.482e+02 -7.648e+02
3.710e+02 -7.978e+02  1.283e+01  6.592e+02 -8.106e+02
3.720e+02 -1.447e+03  1.135e+01  6.666e+02 -1.458e+03
3.730e+02  2.562e+02  1.003e+01  6.808e+02  2.461e+02
3.740e+02  6.717e+02  8.857e+00  6.841e+02  6.629e+02
3.750e+02  2.650e+03  7.811e+00  6.893e+02  2.643e+03
3.760e+02 -1.800e+03  6.882e+00  7.012e+02 -1.807e+03
3.770e+02 -6.159e+03  6.056e+00  7.195e+02 -6.165e+03
3.780e+02 -9.861e+02  5.324e+00  7.227e+02 -9.914e+02
3.790e+02  1.773e+03  4.676e+00  7.219e+02  1.769e+03
3.800e+02 -1.363e+03  4.102e+00  7.362e+02 -1.367e+03
3.810e+02 -7.153e+02  3.595e+00  7.426e+02 -7.189e+02
3.820e+02  8.871e+02  3.147e+00  7.616e+02  8.840e+02
3.830e+02  1.222e+03  2.752e+00  7.579e+02  1.219e+03
3.840e+02  5.228e+03  2.404e+00  7.623e+02  5.225e+03
3.850e+02  1.659e+03  2.098e+00  7.624e+02  1.657e+03
3.860e+02  1.849e+03  1.829e+00  7.459e+02  1.847e+03
3.870e+02  2.435e+03  1.593e+00  7.500e+02  2.434e+03
3.880e+02  2.627e+02  1.386e+00  7.966e+02  2.613e+02
3.890e+02  5.404e+03  1.204e+00  7.817e+02  5.402e+03
3.900e+02  2.470e+03  1.045e+00  7.756e+02  2.469e+03
3.910e+02 -2.158e+03  9.063e-01  8.033e+02 -2.159e+03
3.920e+02 -1.543e+02  7.851e-01  7.878e+02 -1.551e+02
3.930e+02 -1.040e+03  6.794e-01  7.954e+02 -1.041e+03
3.940e+02 -8.094e+02  5.873e-01  8.196e+02 -8.100e+02
3.950e+02  3.492e+02  5.071e-01  8.211e+02  3.487e+02
3.960e+02 -2.497e+03  4.375e-01  8.294e+02 -2.498e+03
3.970e+02 -1.444e+02  3.770e-01  8.398e+02 -1.447e+02
3.980e+02 -1.306e+03  3.245e-01  8.615e+02 -1.306e+03
3.990e+02  4.176e+02  2.790e-01  8.150e+02  4.173e+02
4.000e+02  2.650e+03  2.397e-01  8.136e+02  2.650e+03
4.010e+02 -2.230e+03  2.057e-01  8.270e+02 -2.230e+03
4.020e+02 -5.873e+03  1.763e-01  8.562e+02 -5.874e+03
4.030e+02 -2.861e+03  1.510e-01  8.357e+02 -2.861e+03
4.040e+02  6.661e+02  1.291e-01  8.393e+02  6.659e+02
4.050e+02  2.487e+02  1.103e-01  7.973e+02  2.486e+02
4.060e+02 -3.779e+03  9.418e-02  7.874e+02 -3.779e+03
4.070e+02 -1.376e+03  8.030e-02  8.055e+02 -1.377e+03
4.080e+02 -6.811e+02  6.840e-02  8.022e+02 -6.812e+02
4.090e+02  1.045e+03  5.820e-02  7.947e+02  1.045e+03
4.100e+02  3.565e+03  4.947e-02  7.841e+02  3.565e+03
4.110e+02  5.972e+02  4.200e-02  7.947e+02  5.972e+02
4.120e+02  2.212e+02  3.563e-02  8.141e+02  2.212e+02
4.130e+02  1.086e+02  3.019e-02  8.031e+02  1.086e+02
4.140e+02  1.677e+03  2.555e-02  7.832e+02  1.677e+03
4.150e+02  2.825e+03  2.160e-02  7.903e+02  2.825e+03
4.160e+02 -1.725e+03  1.825e-02  7.944e+02 -1.725e+03
4.170e+02 -4.872e+02  1.540e-02  7.870e+02 -4.872e+02
4.180e+02 -1.239e+03  1.298e-02  7.763e+02 -1.239e+03
4.190e+02  3.511e+03  1.093e-02  7.738e+02  3.511e+03
4.200e+02  3.183e+03  9.189e-03  7.950e+02  3.183e+03
4.210e+02  1.134e+03  7.721e-03  7.969e+02  1.134e+03
4.220e+02 -2.157e+03  6.480e-03  7.928e+02 -2.157e+03
4.230e+02 -3.907e+03  5.433e-03  7.922e+02 -3.907e+03
4.240e+02 -5.167e+01  4.550e-03  7.970e+02 -5.167e+01
4.250e+02  8.954e+02  3.807e-03  7.950e+02  8.954e+02
4.260e+02 -2.186e+03  3.182e-03  8.002e+02 -2.186e+03
4.270e+02 -1.671e+03  2.656e-03  7.961e+02 -1.671e+03
4.280e+02 -5.389e+03  2.216e-03  7.901e+02 -5.389e+03
4.290e+02 -2.682e+03  1.846e-03  7.853e+02 -2.682e+03
4.300e+02 -8.250e+02  1.536e-03  8.013e+02 -8.250e+02
4.310e+02 -3.576e+01  1.277e-03  8.102e+02 -3.576e+01
4.320e+02 -4.546e+01  1.061e-03  8.264e+02 -4.546e+01
4.330e+02 -1.687e+03  8.800e-04  8.234e+02 -1.687e+03
4.340e+02 -1.349e+03  7.293e-04  8.293e+02 -1.349e+03
4.350e+02 -1.511e+03  6.038e-04  8.308e+02 -1.511e+03
4.360e+02  3.669e+02  4.993e-04  8.102e+02  3.669e+02
4.370e+02 -5.578e+02  4.125e-04  7.906e+02 -5.578e+02
4.380e+02 -8.971e+02  3.405e-04  8.028e+02 -8.971e+02
4.390e+02 -1.418e+03  2.807e-04  8.298e+02 -1.418e+03
4.400e+02 -2.028e+03  2.311e-04  8.509e+02 -2.028e+03
4.410e+02 -2.690e+02  1.902e-04  8.341e+02 -2.690e+02
4.420e+02 -1.256e+03  1.563e-04  8.356e+02 -1.256e+03
4.430e+02  2.296e+01  1.283e-04  8.238e+02  2.296e+01
4.440e+02  2.297e+02  1.052e-04  8.428e+02  2.297e+02
4.450e+02  3.247e+03  8.619e-05  8.446e+02  3.247e+03
4.460e+02  3.799e+03  7.053e-05  8.208e+02  3.799e+03
4.470e+02  2.202e+03  5.766e-05  8.483e+02  2.202e+03
4.480e+02  2.062e+03  4.709e-05  8.587e+02  2.062e+03
4.490e+02  9.853e+02  3.841e-05  8.703e+02  9.853e+02
4.500e+02 -1.127e+03  3.130e-05  8.821e+02 -1.127e+03
4.510e+02 -4.403e+02  2.548e-05  8.989e+02 -4.403e+02
4.520e+02  1.357e+03  2.072e-05  9.323e+02  1.357e+03
4.530e+02  2.196e+03  1.683e-05  9.347e+02  2.196e+03
4.540e+02  8.825e+02  1.366e-05  9.344e+02  8.825e+02
4.550e+02 -7.904e+02  1.107e-05  9.541e+02 -7.904e+02
4.560e+02  2.532e+03  8.966e-06  9.726e+02  2.532e+03
4.570e+02  5.090e+02  7.253e-06  9.746e+02  5.090e+02
4.580e+02  1.980e+03  5.861e-06  9.777e+02  1.980e+03
4.590e+02  2.521e+03  4.731e-06  9.985e+02  2.521e+03
4.600e+02  1.578e+03  3.815e-06  1.016e+03  1.578e+03
4.610e+02  3.276e+03  3.073e-06  1.006e+03  3.276e+03
4.620e+02  6.049e+03  2.473e-06  1.023e+03  6.049e+03
4.630e+02  1.324e+03  1.988e-06  1.025e+03  1.324e+03
4.640e+02 -2.131e+03  1.596e-06  1.048e+03 -2.131e+03
4.650e+02 -1.546e+03  1.280e-06  1.031e+03 -1.546e+03
4.660e+02  1.257e+03  1.026e-06  1.041e+03  1.257e+03
4.670e+02  4.411e+02  8.211e-07  1.059e+03  4.411e+02
4.680e+02 -1.452e+01  6.565e-07  1.044e+03 -1.452e+01
4.690e+02  2.986e+03  5.244e-07  1.053e+03  2.986e+03
4.700e+02  2.981e+03  4.184e-07  1.065e+03  2.981e+03
4.710e+02  3.208e+03  3.335e-07  1.078e+03  3.208e+03
4.720e+02  2.337e+03  2.656e-07  1.087e+03  2.337e+03
4.730e+02  2.216e+03  2.112e-07  1.109e+03  2.216e+03
4.740e+02  3.035e+03  1.678e-07  1.130e+03  3.035e+03
4.750e+02  2.266e+03  1.332e-07  1.129e+03  2.266e+03
4.760e+02  1.329e+03  1.056e-07  1.138e+03  1.329e+03
4.770e+02  2.392e+03  8.366e-08  1.168e+03  2.392e+03
4.780e+02  7.530e+02  6.619e-08  1.150e+03  7.530e+02
4.790e+02  4.375e+01  5.232e-08  1.105e+03  4.375e+01
4.800e+02 -2.132e+03  4.131e-08  1.075e+03 -2.132e+03
4.810e+02  4.603e+03  3.258e-08  1.077e+03  4.603e+03
4.820e+02  6.903e+03  2.567e-08  1.148e+03  6.903e+03
4.830e+02  5.640e+03  2.020e-08  1.162e+03  5.640e+03
4.840e+02 -9.800e+02  1.588e-08  1.177e+03 -9.800e+02
4.850e+02  4.571e+03  1.248e-08  1.141e+03  4.571e+03
4.860e+02  2.037e+03  9.788e-09  1.159e+03  2.037e+03
4.870e+02 -4.110e+02  7.672e-09  1.175e+03 -4.110e+02
4.880e+02 -3.008e+03  6.006e-09  1.186e+03 -3.008e+03
4.890e+02 -2.007e+03  4.698e-09  1.203e+03 -2.007e+03
4.900e+02 -3.002e+02  3.670e-09  1.179e+03 -3.002e+02
4.910e+02 -2.322e+03  2.864e-09  1.202e+03 -2.322e+03
4.920e+02 -5.299e+03  2.233e-09  1.235e+03 -5.299e+03
4.930e+02  3.499e+02  1.739e-09  1.209e+03  3.499e+02
4.940e+02 -3.127e+03  1.353e-09  1.219e+03 -3.127e+03
4.950e+02  4.734e+02  1.052e-09  1.199e+03  4.734e+02
4.960e+02  6.659e+02  8.164e-10  1.178e+03  6.659e+02
4.970e+02 -2.580e+03  6.332e-10  1.145e+03 -2.580e+03
4.980e+02 -3.747e+03  4.905e-10  1.152e+03 -3.747e+03
4.990e+02  3.028e+03  3.796e-10  1.209e+03  3.028e+03
5.000e+02  3.887e+03  2.935e-10  1.205e+03  3.887e+03
5.010e+02  5.190e+03  2.266e-10  1.239e+03  5.190e+03
5.020e+02  3.615e+03  1.748e-10  1.234e+03  3.615e+03
5.030e+02  1.403e+03  1.347e-10  1.242e+03  1.403e+03
5.040e+02  2.101e+03  1.037e-10  1.268e+03  2.101e+03
5.050e+02  2.759e+03  7.977e-11  1.299e+03  2.759e+03
5.060e+02  4.386e+03  6.128e-11  1.293e+03  4.386e+03
5.070e+02  3.741e+03  4.703e-11  1.294e+03  3.741e+03
5.080e+02  5.935e+03  3.605e-11  1.277e+03  5.935e+03
5.090e+02  2.673e+03  2.761e-11  1.275e+03  2.673e+03
5.100e+02  1.050e+03  2.112e-11  1.302e+03  1.050e+03
5.110e+02  4.035e+03  1.614e-11  1.308e+03  4.035e+03
